<?xml version="1.0" encoding="UTF-8"?>
<testng-results skipped="0" failed="0" ignored="0" total="2" passed="2">
  <reporter-output>
  </reporter-output>
  <suite name="Suite" duration-ms="96119" started-at="2019-09-08T12:13:05Z" finished-at="2019-09-08T12:14:41Z">
    <groups>
      <group name="cucumber">
        <method signature="AbstractTestNGCucumberTests.runScenario(cucumber.api.testng.PickleEventWrapper, cucumber.api.testng.CucumberFeatureWrapper)[pri:0, instance:com.leafBot.testcases.TC001_LoginLogout@61832929]" name="runScenario" class="cucumber.api.testng.AbstractTestNGCucumberTests"/>
      </group> <!-- cucumber -->
    </groups>
    <test name="Test" duration-ms="96119" started-at="2019-09-08T12:13:05Z" finished-at="2019-09-08T12:14:41Z">
      <class name="com.leafBot.testcases.TC001_LoginLogout">
        <test-method status="PASS" signature="startReport()[pri:0, instance:com.leafBot.testcases.TC001_LoginLogout@61832929]" name="startReport" is-config="true" duration-ms="688" started-at="2019-09-08T12:13:05Z" finished-at="2019-09-08T12:13:05Z">
          <reporter-output>
          </reporter-output>
        </test-method> <!-- startReport -->
        <test-method status="PASS" signature="setData()[pri:0, instance:com.leafBot.testcases.TC001_LoginLogout@61832929]" name="setData" is-config="true" duration-ms="0" started-at="2019-09-08T12:13:05Z" finished-at="2019-09-08T12:13:05Z">
          <reporter-output>
          </reporter-output>
        </test-method> <!-- setData -->
        <test-method status="PASS" signature="setUpClass()[pri:0, instance:com.leafBot.testcases.TC001_LoginLogout@61832929]" name="setUpClass" is-config="true" duration-ms="168" started-at="2019-09-08T12:13:05Z" finished-at="2019-09-08T12:13:05Z">
          <reporter-output>
          </reporter-output>
        </test-method> <!-- setUpClass -->
        <test-method status="PASS" signature="report()[pri:0, instance:com.leafBot.testcases.TC001_LoginLogout@61832929]" name="report" is-config="true" duration-ms="39" started-at="2019-09-08T12:13:05Z" finished-at="2019-09-08T12:13:05Z">
          <reporter-output>
          </reporter-output>
        </test-method> <!-- report -->
        <test-method status="PASS" signature="beforeMethod()[pri:0, instance:com.leafBot.testcases.TC001_LoginLogout@61832929]" name="beforeMethod" is-config="true" duration-ms="45000" started-at="2019-09-08T12:13:08Z" finished-at="2019-09-08T12:13:53Z">
          <reporter-output>
          </reporter-output>
        </test-method> <!-- beforeMethod -->
        <test-method status="PASS" signature="runTC001(java.lang.String, java.lang.String)[pri:0, instance:com.leafBot.testcases.TC001_LoginLogout@61832929]" name="runTC001" duration-ms="29227" started-at="2019-09-08T12:13:53Z" data-provider="fetchData" finished-at="2019-09-08T12:14:22Z">
          <params>
            <param index="0">
              <value>
                <![CDATA[DemoSalesManager]]>
              </value>
            </param>
            <param index="1">
              <value>
                <![CDATA[crmsfa]]>
              </value>
            </param>
          </params>
          <reporter-output>
          </reporter-output>
        </test-method> <!-- runTC001 -->
        <test-method status="PASS" signature="afterMethod()[pri:0, instance:com.leafBot.testcases.TC001_LoginLogout@61832929]" name="afterMethod" is-config="true" duration-ms="1974" started-at="2019-09-08T12:14:22Z" finished-at="2019-09-08T12:14:24Z">
          <reporter-output>
          </reporter-output>
        </test-method> <!-- afterMethod -->
        <test-method status="PASS" signature="beforeMethod()[pri:0, instance:com.leafBot.testcases.TC001_LoginLogout@61832929]" name="beforeMethod" is-config="true" duration-ms="13428" started-at="2019-09-08T12:14:24Z" finished-at="2019-09-08T12:14:38Z">
          <reporter-output>
          </reporter-output>
        </test-method> <!-- beforeMethod -->
        <test-method status="PASS" signature="runTC001(java.lang.String, java.lang.String)[pri:0, instance:com.leafBot.testcases.TC001_LoginLogout@61832929]" name="runTC001" duration-ms="3327" started-at="2019-09-08T12:14:38Z" data-provider="fetchData" finished-at="2019-09-08T12:14:41Z">
          <params>
            <param index="0">
              <value>
                <![CDATA[DemoCSR]]>
              </value>
            </param>
            <param index="1">
              <value>
                <![CDATA[crmsfa]]>
              </value>
            </param>
          </params>
          <reporter-output>
          </reporter-output>
        </test-method> <!-- runTC001 -->
        <test-method status="PASS" signature="afterMethod()[pri:0, instance:com.leafBot.testcases.TC001_LoginLogout@61832929]" name="afterMethod" is-config="true" duration-ms="129" started-at="2019-09-08T12:14:41Z" finished-at="2019-09-08T12:14:41Z">
          <reporter-output>
          </reporter-output>
        </test-method> <!-- afterMethod -->
        <test-method status="PASS" signature="tearDownClass()[pri:0, instance:com.leafBot.testcases.TC001_LoginLogout@61832929]" name="tearDownClass" is-config="true" duration-ms="79" started-at="2019-09-08T12:14:41Z" finished-at="2019-09-08T12:14:41Z">
          <reporter-output>
          </reporter-output>
        </test-method> <!-- tearDownClass -->
        <test-method status="PASS" signature="stopReport()[pri:0, instance:com.leafBot.testcases.TC001_LoginLogout@61832929]" name="stopReport" is-config="true" duration-ms="3951" started-at="2019-09-08T12:14:47Z" finished-at="2019-09-08T12:14:51Z">
          <reporter-output>
          </reporter-output>
        </test-method> <!-- stopReport -->
      </class> <!-- com.leafBot.testcases.TC001_LoginLogout -->
    </test> <!-- Test -->
  </suite> <!-- Suite -->
</testng-results>
