<?xml version="1.0" encoding="UTF-8"?>
<testng-results skipped="0" failed="0" ignored="0" total="2" passed="2">
  <reporter-output>
  </reporter-output>
  <suite name="Default suite" duration-ms="57811" started-at="2019-09-08T12:13:48Z" finished-at="2019-09-08T12:14:46Z">
    <groups>
      <group name="cucumber">
        <method signature="AbstractTestNGCucumberTests.runScenario(cucumber.api.testng.PickleEventWrapper, cucumber.api.testng.CucumberFeatureWrapper)[pri:0, instance:com.leafBot.testcases.TC001_LoginLogout@7d907bac]" name="runScenario" class="cucumber.api.testng.AbstractTestNGCucumberTests"/>
      </group> <!-- cucumber -->
    </groups>
    <test name="Default test" duration-ms="57811" started-at="2019-09-08T12:13:48Z" finished-at="2019-09-08T12:14:46Z">
      <class name="com.leafBot.testcases.TC001_LoginLogout">
        <test-method status="PASS" signature="startReport()[pri:0, instance:com.leafBot.testcases.TC001_LoginLogout@7d907bac]" name="startReport" is-config="true" duration-ms="594" started-at="2019-09-08T12:13:47Z" finished-at="2019-09-08T12:13:48Z">
          <reporter-output>
          </reporter-output>
        </test-method> <!-- startReport -->
        <test-method status="PASS" signature="setData()[pri:0, instance:com.leafBot.testcases.TC001_LoginLogout@7d907bac]" name="setData" is-config="true" duration-ms="1" started-at="2019-09-08T12:13:48Z" finished-at="2019-09-08T12:13:48Z">
          <reporter-output>
          </reporter-output>
        </test-method> <!-- setData -->
        <test-method status="PASS" signature="setUpClass()[pri:0, instance:com.leafBot.testcases.TC001_LoginLogout@7d907bac]" name="setUpClass" is-config="true" duration-ms="148" started-at="2019-09-08T12:13:48Z" finished-at="2019-09-08T12:13:48Z">
          <reporter-output>
          </reporter-output>
        </test-method> <!-- setUpClass -->
        <test-method status="PASS" signature="report()[pri:0, instance:com.leafBot.testcases.TC001_LoginLogout@7d907bac]" name="report" is-config="true" duration-ms="14" started-at="2019-09-08T12:13:48Z" finished-at="2019-09-08T12:13:48Z">
          <reporter-output>
          </reporter-output>
        </test-method> <!-- report -->
        <test-method status="PASS" signature="beforeMethod()[pri:0, instance:com.leafBot.testcases.TC001_LoginLogout@7d907bac]" name="beforeMethod" is-config="true" duration-ms="36148" started-at="2019-09-08T12:13:49Z" finished-at="2019-09-08T12:14:25Z">
          <reporter-output>
          </reporter-output>
        </test-method> <!-- beforeMethod -->
        <test-method status="PASS" signature="runTC001(java.lang.String, java.lang.String)[pri:0, instance:com.leafBot.testcases.TC001_LoginLogout@7d907bac]" name="runTC001" duration-ms="4304" started-at="2019-09-08T12:14:25Z" data-provider="fetchData" finished-at="2019-09-08T12:14:30Z">
          <params>
            <param index="0">
              <value>
                <![CDATA[DemoSalesManager]]>
              </value>
            </param>
            <param index="1">
              <value>
                <![CDATA[crmsfa]]>
              </value>
            </param>
          </params>
          <reporter-output>
          </reporter-output>
        </test-method> <!-- runTC001 -->
        <test-method status="PASS" signature="afterMethod()[pri:0, instance:com.leafBot.testcases.TC001_LoginLogout@7d907bac]" name="afterMethod" is-config="true" duration-ms="1069" started-at="2019-09-08T12:14:30Z" finished-at="2019-09-08T12:14:31Z">
          <reporter-output>
          </reporter-output>
        </test-method> <!-- afterMethod -->
        <test-method status="PASS" signature="beforeMethod()[pri:0, instance:com.leafBot.testcases.TC001_LoginLogout@7d907bac]" name="beforeMethod" is-config="true" duration-ms="10547" started-at="2019-09-08T12:14:31Z" finished-at="2019-09-08T12:14:41Z">
          <reporter-output>
          </reporter-output>
        </test-method> <!-- beforeMethod -->
        <test-method status="PASS" signature="runTC001(java.lang.String, java.lang.String)[pri:0, instance:com.leafBot.testcases.TC001_LoginLogout@7d907bac]" name="runTC001" duration-ms="4300" started-at="2019-09-08T12:14:41Z" data-provider="fetchData" finished-at="2019-09-08T12:14:46Z">
          <params>
            <param index="0">
              <value>
                <![CDATA[DemoCSR]]>
              </value>
            </param>
            <param index="1">
              <value>
                <![CDATA[crmsfa]]>
              </value>
            </param>
          </params>
          <reporter-output>
          </reporter-output>
        </test-method> <!-- runTC001 -->
        <test-method status="PASS" signature="afterMethod()[pri:0, instance:com.leafBot.testcases.TC001_LoginLogout@7d907bac]" name="afterMethod" is-config="true" duration-ms="89" started-at="2019-09-08T12:14:46Z" finished-at="2019-09-08T12:14:46Z">
          <reporter-output>
          </reporter-output>
        </test-method> <!-- afterMethod -->
        <test-method status="PASS" signature="tearDownClass()[pri:0, instance:com.leafBot.testcases.TC001_LoginLogout@7d907bac]" name="tearDownClass" is-config="true" duration-ms="6" started-at="2019-09-08T12:14:46Z" finished-at="2019-09-08T12:14:46Z">
          <reporter-output>
          </reporter-output>
        </test-method> <!-- tearDownClass -->
        <test-method status="PASS" signature="stopReport()[pri:0, instance:com.leafBot.testcases.TC001_LoginLogout@7d907bac]" name="stopReport" is-config="true" duration-ms="712" started-at="2019-09-08T12:14:51Z" finished-at="2019-09-08T12:14:52Z">
          <reporter-output>
          </reporter-output>
        </test-method> <!-- stopReport -->
      </class> <!-- com.leafBot.testcases.TC001_LoginLogout -->
    </test> <!-- Default test -->
  </suite> <!-- Default suite -->
</testng-results>
